Using pre-set license
Built from '2020.3/staging' branch; Version is '2020.3.6f1 (338bb68529b2) revision 3378102'; Using compiler version '192528614'; Build Type 'Release'
OS: 'Windows 10 Home; OS build 19042.928; Version 2009; 64bit' Language: 'en' Physical Memory: 8007 MB
BatchMode: 1, IsHumanControllingUs: 0, StartBugReporterOnCrash: 0, Is64bit: 1, IsPro: 0

 COMMAND LINE ARGUMENTS:
C:\Program Files\Unity\Hub\Editor\2020.3.6f1\Editor\Unity.exe
-adb2
-batchMode
-noUpm
-name
AssetImportWorker0
-projectPath
C:/Users/phili/dev/LevelDesign_3
-logFile
Logs/AssetImportWorker0.log
-srvPort
59458
Successfully changed project path to: C:/Users/phili/dev/LevelDesign_3
C:/Users/phili/dev/LevelDesign_3
Using Asset Import Pipeline V2.
Refreshing native plugins compatible for Editor in 37.37 ms, found 0 plugins.
Preloading 0 native plugins for Editor in 0.00 ms.
Initialize engine version: 2020.3.6f1 (338bb68529b2)
[Subsystems] Discovering subsystems at path C:/Program Files/Unity/Hub/Editor/2020.3.6f1/Editor/Data/Resources/UnitySubsystems
[Subsystems] Discovering subsystems at path C:/Users/phili/dev/LevelDesign_3/Assets
GfxDevice: creating device client; threaded=0
Direct3D:
    Version:  Direct3D 11.0 [level 11.1]
    Renderer: NVIDIA GeForce GTX 1060 6GB (ID=0x1c03)
    Vendor:   
    VRAM:     6052 MB
    Driver:   27.21.14.5671
Initialize mono
Mono path[0] = 'C:/Program Files/Unity/Hub/Editor/2020.3.6f1/Editor/Data/Managed'
Mono path[1] = 'C:/Program Files/Unity/Hub/Editor/2020.3.6f1/Editor/Data/MonoBleedingEdge/lib/mono/unityjit'
Mono config path = 'C:/Program Files/Unity/Hub/Editor/2020.3.6f1/Editor/Data/MonoBleedingEdge/etc'
Using monoOptions --debugger-agent=transport=dt_socket,embedding=1,server=y,suspend=n,address=127.0.0.1:56320
Begin MonoManager ReloadAssembly
Registering precompiled unity dll's ...
Register platform support module: C:/Program Files/Unity/Hub/Editor/2020.3.6f1/Editor/Data/PlaybackEngines/WindowsStandaloneSupport/UnityEditor.WindowsStandalone.Extensions.dll
Registered in 0.004040 seconds.
Native extension for WindowsStandalone target not found
Refreshing native plugins compatible for Editor in 63.26 ms, found 0 plugins.
Preloading 0 native plugins for Editor in 0.00 ms.
Mono: successfully reloaded assembly
- Completed reload, in  3.331 seconds
Platform modules already initialized, skipping
Registering precompiled user dll's ...
Registered in 0.002805 seconds.
Begin MonoManager ReloadAssembly
Native extension for WindowsStandalone target not found
Refreshing native plugins compatible for Editor in 0.27 ms, found 0 plugins.
Preloading 0 native plugins for Editor in 0.00 ms.
Mono: successfully reloaded assembly
- Completed reload, in  1.083 seconds
Platform modules already initialized, skipping
========================================================================
Worker process is ready to serve import requests
Launched and connected shader compiler UnityShaderCompiler.exe after 0.10 seconds
Refreshing native plugins compatible for Editor in 0.24 ms, found 0 plugins.
Preloading 0 native plugins for Editor in 0.00 ms.
Unloading 1269 Unused Serialized files (Serialized files now loaded: 0)
System memory in use before: 62.8 MB.
System memory in use after: 62.9 MB.

Unloading 10 unused Assets to reduce memory usage. Loaded Objects now: 1713.
Total: 1.992300 ms (FindLiveObjects: 0.159400 ms CreateObjectMapping: 0.049500 ms MarkObjects: 1.718400 ms  DeleteObjects: 0.063800 ms)

========================================================================
Received Import Request.
  path: Assets/New Terrain.asset
  artifactKey: Guid(0bd0b36bad6c4aa4fae67a8a86430a7d) Importer(815301076,1909f56bfc062723c751e8b465ee728b)
Start importing Assets/New Terrain.asset using Guid(0bd0b36bad6c4aa4fae67a8a86430a7d) Importer(815301076,1909f56bfc062723c751e8b465ee728b)  -> (artifact id: 'b779432a7b7700a0b729b58ec4f45179') in 0.121066 seconds
  Import took 0.125070 seconds .

========================================================================
Received Import Request.
  Time since last request: 26.845323 seconds.
  path: Assets/Scenes
  artifactKey: Guid(8f7b3c89765468645a597cc4ad21f385) Importer(815301076,1909f56bfc062723c751e8b465ee728b)
Start importing Assets/Scenes using Guid(8f7b3c89765468645a597cc4ad21f385) Importer(815301076,1909f56bfc062723c751e8b465ee728b)  -> (artifact id: 'f615fd8cac3642f3d437fcb68da04679') in 0.003582 seconds
  Import took 0.005811 seconds .

========================================================================
Received Import Request.
  Time since last request: 0.012645 seconds.
  path: Assets/Scenes
  artifactKey: Guid(8f7b3c89765468645a597cc4ad21f385) Importer(815301076,1909f56bfc062723c751e8b465ee728b)
Start importing Assets/Scenes using Guid(8f7b3c89765468645a597cc4ad21f385) Importer(815301076,1909f56bfc062723c751e8b465ee728b)  -> (artifact id: 'f615fd8cac3642f3d437fcb68da04679') in 0.003527 seconds
  Import took 0.005538 seconds .

========================================================================
Received Import Request.
  Time since last request: 1.139550 seconds.
  path: Assets/Scenes/Game.unity
  artifactKey: Guid(9fc0d4010bbf28b4594072e72b8655ab) Importer(815301076,1909f56bfc062723c751e8b465ee728b)
Start importing Assets/Scenes/Game.unity using Guid(9fc0d4010bbf28b4594072e72b8655ab) Importer(815301076,1909f56bfc062723c751e8b465ee728b)  -> (artifact id: '05e2c0aedfe5bb5b12adac7bc9d943a3') in 0.005199 seconds
  Import took 0.007622 seconds .

========================================================================
Received Prepare
Registering precompiled user dll's ...
Registered in 0.001881 seconds.
Begin MonoManager ReloadAssembly
Native extension for WindowsStandalone target not found
Refreshing native plugins compatible for Editor in 0.23 ms, found 0 plugins.
Preloading 0 native plugins for Editor in 0.00 ms.
Mono: successfully reloaded assembly
- Completed reload, in  0.916 seconds
Platform modules already initialized, skipping
Refreshing native plugins compatible for Editor in 0.23 ms, found 0 plugins.
Preloading 0 native plugins for Editor in 0.00 ms.
Unloading 1262 Unused Serialized files (Serialized files now loaded: 0)
System memory in use before: 63.8 MB.
System memory in use after: 63.4 MB.

Unloading 7 unused Assets to reduce memory usage. Loaded Objects now: 1721.
Total: 2.360300 ms (FindLiveObjects: 0.155600 ms CreateObjectMapping: 0.046800 ms MarkObjects: 1.470800 ms  DeleteObjects: 0.685500 ms)

========================================================================
Received Import Request.
  Time since last request: 146.095367 seconds.
  path: Assets/Scripts/TimeManager.cs
  artifactKey: Guid(6714ea4d72012e941ab23bd64704c2db) Importer(815301076,1909f56bfc062723c751e8b465ee728b)
Start importing Assets/Scripts/TimeManager.cs using Guid(6714ea4d72012e941ab23bd64704c2db) Importer(815301076,1909f56bfc062723c751e8b465ee728b)  -> (artifact id: '859eb14b3975202517e7994bb1feb9b3') in 0.014027 seconds
  Import took 0.016123 seconds .

========================================================================
Received Import Request.
  Time since last request: 0.027411 seconds.
  path: Assets/Scripts/TimeManager.cs
  artifactKey: Guid(6714ea4d72012e941ab23bd64704c2db) Importer(815301076,1909f56bfc062723c751e8b465ee728b)
Start importing Assets/Scripts/TimeManager.cs using Guid(6714ea4d72012e941ab23bd64704c2db) Importer(815301076,1909f56bfc062723c751e8b465ee728b)  -> (artifact id: '859eb14b3975202517e7994bb1feb9b3') in 0.004429 seconds
  Import took 0.006664 seconds .

========================================================================
Received Import Request.
  Time since last request: 3.660576 seconds.
  path: Assets/Scripts/TimeManager1.cs
  artifactKey: Guid(209e397a625c6504e81b5bd13a478175) Importer(815301076,1909f56bfc062723c751e8b465ee728b)
Start importing Assets/Scripts/TimeManager1.cs using Guid(209e397a625c6504e81b5bd13a478175) Importer(815301076,1909f56bfc062723c751e8b465ee728b)  -> (artifact id: 'c34196a8910e1c816f679b6c122a0e06') in 0.003784 seconds
  Import took 0.008730 seconds .

========================================================================
Received Prepare
Registering precompiled user dll's ...
Registered in 0.000878 seconds.
Begin MonoManager ReloadAssembly
Native extension for WindowsStandalone target not found
Refreshing native plugins compatible for Editor in 0.23 ms, found 0 plugins.
Preloading 0 native plugins for Editor in 0.00 ms.
Mono: successfully reloaded assembly
- Completed reload, in  0.823 seconds
Platform modules already initialized, skipping
Refreshing native plugins compatible for Editor in 0.23 ms, found 0 plugins.
Preloading 0 native plugins for Editor in 0.00 ms.
Unloading 1264 Unused Serialized files (Serialized files now loaded: 0)
System memory in use before: 63.3 MB.
System memory in use after: 63.4 MB.

Unloading 6 unused Assets to reduce memory usage. Loaded Objects now: 1727.
Total: 1.867900 ms (FindLiveObjects: 0.214100 ms CreateObjectMapping: 0.063600 ms MarkObjects: 1.571900 ms  DeleteObjects: 0.017200 ms)

========================================================================
Received Import Request.
  Time since last request: 12.527199 seconds.
  path: Assets/Scripts/GameManager.cs
  artifactKey: Guid(7d19420a79dc8f347a15e2dc0e848ddb) Importer(815301076,1909f56bfc062723c751e8b465ee728b)
Start importing Assets/Scripts/GameManager.cs using Guid(7d19420a79dc8f347a15e2dc0e848ddb) Importer(815301076,1909f56bfc062723c751e8b465ee728b)  -> (artifact id: '63538a11c2f04ba6e95f96fb70ec0801') in 0.005556 seconds
  Import took 0.007599 seconds .

========================================================================
Received Import Request.
  Time since last request: 0.002280 seconds.
  path: Assets/Scripts/GameManager.cs
  artifactKey: Guid(7d19420a79dc8f347a15e2dc0e848ddb) Importer(815301076,1909f56bfc062723c751e8b465ee728b)
Start importing Assets/Scripts/GameManager.cs using Guid(7d19420a79dc8f347a15e2dc0e848ddb) Importer(815301076,1909f56bfc062723c751e8b465ee728b)  -> (artifact id: '63538a11c2f04ba6e95f96fb70ec0801') in 0.003534 seconds
  Import took 0.005883 seconds .

========================================================================
Received Import Request.
  Time since last request: 130.621504 seconds.
  path: Assets/Scenes/Main Menu.unity
  artifactKey: Guid(3409ccc669c150340a2edbea2caabc25) Importer(815301076,1909f56bfc062723c751e8b465ee728b)
Start importing Assets/Scenes/Main Menu.unity using Guid(3409ccc669c150340a2edbea2caabc25) Importer(815301076,1909f56bfc062723c751e8b465ee728b)  -> (artifact id: '58ae13da1bbe2c9d279c40e7b07fd6bb') in 0.012509 seconds
  Import took 0.016486 seconds .

========================================================================
Received Import Request.
  Time since last request: 0.015788 seconds.
  path: Assets/Scenes/Main Menu.unity
  artifactKey: Guid(3409ccc669c150340a2edbea2caabc25) Importer(815301076,1909f56bfc062723c751e8b465ee728b)
Start importing Assets/Scenes/Main Menu.unity using Guid(3409ccc669c150340a2edbea2caabc25) Importer(815301076,1909f56bfc062723c751e8b465ee728b)  -> (artifact id: '58ae13da1bbe2c9d279c40e7b07fd6bb') in 0.003850 seconds
  Import took 0.006716 seconds .

========================================================================
Received Import Request.
  Time since last request: 33.977428 seconds.
  path: Assets/Scenes/Game 1.unity
  artifactKey: Guid(08bc3c9c18aceb245956a960418fbb68) Importer(815301076,1909f56bfc062723c751e8b465ee728b)
Start importing Assets/Scenes/Game 1.unity using Guid(08bc3c9c18aceb245956a960418fbb68) Importer(815301076,1909f56bfc062723c751e8b465ee728b)  -> (artifact id: '59935fcd20f70f07a3dabd0ef95debcb') in 0.004298 seconds
  Import took 0.006558 seconds .

========================================================================
Received Import Request.
  Time since last request: 49.474366 seconds.
  path: Assets/Scripts/Pause.cs
  artifactKey: Guid(21b6c045bd875e84d997e72152e43c85) Importer(815301076,1909f56bfc062723c751e8b465ee728b)
Start importing Assets/Scripts/Pause.cs using Guid(21b6c045bd875e84d997e72152e43c85) Importer(815301076,1909f56bfc062723c751e8b465ee728b)  -> (artifact id: '0f0b69a9a159eece250e01d83ae8e8b8') in 0.003552 seconds
  Import took 0.005977 seconds .

========================================================================
Received Import Request.
  Time since last request: 0.002958 seconds.
  path: Assets/Scripts/Pause.cs
  artifactKey: Guid(21b6c045bd875e84d997e72152e43c85) Importer(815301076,1909f56bfc062723c751e8b465ee728b)
Start importing Assets/Scripts/Pause.cs using Guid(21b6c045bd875e84d997e72152e43c85) Importer(815301076,1909f56bfc062723c751e8b465ee728b)  -> (artifact id: '0f0b69a9a159eece250e01d83ae8e8b8') in 0.003268 seconds
  Import took 0.005384 seconds .

========================================================================
Received Prepare
Registering precompiled user dll's ...
Registered in 0.000932 seconds.
Begin MonoManager ReloadAssembly
Native extension for WindowsStandalone target not found
Refreshing native plugins compatible for Editor in 0.27 ms, found 0 plugins.
Preloading 0 native plugins for Editor in 0.00 ms.
Mono: successfully reloaded assembly
- Completed reload, in  0.809 seconds
Platform modules already initialized, skipping
Refreshing native plugins compatible for Editor in 0.23 ms, found 0 plugins.
Preloading 0 native plugins for Editor in 0.00 ms.
Unloading 1265 Unused Serialized files (Serialized files now loaded: 0)
System memory in use before: 63.4 MB.
System memory in use after: 63.5 MB.

Unloading 5 unused Assets to reduce memory usage. Loaded Objects now: 1731.
Total: 1.904400 ms (FindLiveObjects: 0.133400 ms CreateObjectMapping: 0.044700 ms MarkObjects: 1.710200 ms  DeleteObjects: 0.015000 ms)

========================================================================
Received Import Request.
  Time since last request: 134.572051 seconds.
  path: Assets/Scripts/ThirdPersonMovement1.cs
  artifactKey: Guid(d4b0e580af108d34d90bf80efa28bfec) Importer(815301076,1909f56bfc062723c751e8b465ee728b)
Start importing Assets/Scripts/ThirdPersonMovement1.cs using Guid(d4b0e580af108d34d90bf80efa28bfec) Importer(815301076,1909f56bfc062723c751e8b465ee728b)  -> (artifact id: '9f32779310c6c656426fc24f3ddfe8b8') in 0.005770 seconds
  Import took 0.007863 seconds .

========================================================================
Received Import Request.
  Time since last request: 4.297481 seconds.
  path: Assets/Scripts/ThirdPersonMovement.cs
  artifactKey: Guid(ccc962da91d06da4f98a75688f88853a) Importer(815301076,1909f56bfc062723c751e8b465ee728b)
Start importing Assets/Scripts/ThirdPersonMovement.cs using Guid(ccc962da91d06da4f98a75688f88853a) Importer(815301076,1909f56bfc062723c751e8b465ee728b)  -> (artifact id: '6771198349bdd798cccf7cbcb1d7e8d8') in 0.003570 seconds
  Import took 0.005721 seconds .

========================================================================
Received Import Request.
  Time since last request: 0.002002 seconds.
  path: Assets/Scripts/ThirdPersonMovement.cs
  artifactKey: Guid(ccc962da91d06da4f98a75688f88853a) Importer(815301076,1909f56bfc062723c751e8b465ee728b)
Start importing Assets/Scripts/ThirdPersonMovement.cs using Guid(ccc962da91d06da4f98a75688f88853a) Importer(815301076,1909f56bfc062723c751e8b465ee728b)  -> (artifact id: '6771198349bdd798cccf7cbcb1d7e8d8') in 0.003744 seconds
  Import took 0.005835 seconds .

========================================================================
Received Import Request.
  Time since last request: 57.350694 seconds.
  path: Assets/Scripts/ThirdPersonMovement.cs
  artifactKey: Guid(ccc962da91d06da4f98a75688f88853a) Importer(815301076,1909f56bfc062723c751e8b465ee728b)
Start importing Assets/Scripts/ThirdPersonMovement.cs using Guid(ccc962da91d06da4f98a75688f88853a) Importer(815301076,1909f56bfc062723c751e8b465ee728b)  -> (artifact id: 'ab4f484d564a3397d51ee517fa702d00') in 0.003439 seconds
  Import took 0.005483 seconds .

========================================================================
Received Prepare
Registering precompiled user dll's ...
Registered in 0.000744 seconds.
Begin MonoManager ReloadAssembly
Native extension for WindowsStandalone target not found
Refreshing native plugins compatible for Editor in 0.25 ms, found 0 plugins.
Preloading 0 native plugins for Editor in 0.00 ms.
Mono: successfully reloaded assembly
- Completed reload, in  0.848 seconds
Platform modules already initialized, skipping
Refreshing native plugins compatible for Editor in 0.23 ms, found 0 plugins.
Preloading 0 native plugins for Editor in 0.00 ms.
Unloading 1264 Unused Serialized files (Serialized files now loaded: 0)
System memory in use before: 63.4 MB.
System memory in use after: 63.5 MB.

Unloading 6 unused Assets to reduce memory usage. Loaded Objects now: 1733.
Total: 2.426300 ms (FindLiveObjects: 0.208000 ms CreateObjectMapping: 0.068700 ms MarkObjects: 2.132000 ms  DeleteObjects: 0.016000 ms)

========================================================================
Received Prepare
Registering precompiled user dll's ...
Registered in 0.001378 seconds.
Begin MonoManager ReloadAssembly
Native extension for WindowsStandalone target not found
Refreshing native plugins compatible for Editor in 0.25 ms, found 0 plugins.
Preloading 0 native plugins for Editor in 0.00 ms.
Mono: successfully reloaded assembly
- Completed reload, in  0.812 seconds
Platform modules already initialized, skipping
Refreshing native plugins compatible for Editor in 0.36 ms, found 0 plugins.
Preloading 0 native plugins for Editor in 0.00 ms.
Unloading 1264 Unused Serialized files (Serialized files now loaded: 0)
System memory in use before: 63.4 MB.
System memory in use after: 63.5 MB.

Unloading 5 unused Assets to reduce memory usage. Loaded Objects now: 1736.
Total: 2.772800 ms (FindLiveObjects: 0.200800 ms CreateObjectMapping: 0.068200 ms MarkObjects: 2.479700 ms  DeleteObjects: 0.022400 ms)

========================================================================
Received Import Request.
  Time since last request: 111.725899 seconds.
  path: Assets/Scenes/Game 1.unity
  artifactKey: Guid(08bc3c9c18aceb245956a960418fbb68) Importer(815301076,1909f56bfc062723c751e8b465ee728b)
Start importing Assets/Scenes/Game 1.unity using Guid(08bc3c9c18aceb245956a960418fbb68) Importer(815301076,1909f56bfc062723c751e8b465ee728b)  -> (artifact id: '45ef85a789a137a91a9ff720df8c864d') in 0.017773 seconds
  Import took 0.020331 seconds .

========================================================================
Received Prepare
Registering precompiled user dll's ...
Registered in 0.000785 seconds.
Begin MonoManager ReloadAssembly
Native extension for WindowsStandalone target not found
Refreshing native plugins compatible for Editor in 0.23 ms, found 0 plugins.
Preloading 0 native plugins for Editor in 0.00 ms.
Mono: successfully reloaded assembly
- Completed reload, in  0.791 seconds
Platform modules already initialized, skipping
Refreshing native plugins compatible for Editor in 0.24 ms, found 0 plugins.
Preloading 0 native plugins for Editor in 0.00 ms.
Unloading 1264 Unused Serialized files (Serialized files now loaded: 0)
System memory in use before: 63.4 MB.
System memory in use after: 63.5 MB.

Unloading 5 unused Assets to reduce memory usage. Loaded Objects now: 1739.
Total: 1.644500 ms (FindLiveObjects: 0.140700 ms CreateObjectMapping: 0.035400 ms MarkObjects: 1.447600 ms  DeleteObjects: 0.019500 ms)

========================================================================
Received Import Request.
  Time since last request: 128.947985 seconds.
  path: Assets/Scenes/Game/LightingData.asset
  artifactKey: Guid(9c37c47da9c54094cbb46f302cc7bd7e) Importer(815301076,1909f56bfc062723c751e8b465ee728b)
Start importing Assets/Scenes/Game/LightingData.asset using Guid(9c37c47da9c54094cbb46f302cc7bd7e) Importer(815301076,1909f56bfc062723c751e8b465ee728b)  -> (artifact id: '1ec92a8847571e14affc0b718cff3653') in 0.012818 seconds
  Import took 0.014813 seconds .

========================================================================
Received Import Request.
  Time since last request: 0.000257 seconds.
  path: Assets/Scenes/Game/ReflectionProbe-0.exr
  artifactKey: Guid(37be56681fb2a8a48ab869ce54fe8ae3) Importer(815301076,1909f56bfc062723c751e8b465ee728b)
Start importing Assets/Scenes/Game/ReflectionProbe-0.exr using Guid(37be56681fb2a8a48ab869ce54fe8ae3) Importer(815301076,1909f56bfc062723c751e8b465ee728b)  -> (artifact id: '3413e6b58636a0f8ed6672bdb73901fe') in 0.105324 seconds
  Import took 0.107178 seconds .

========================================================================
Received Import Request.
  Time since last request: 0.000230 seconds.
  path: Assets/Scenes/Game/Lightmap-0_comp_light.exr
  artifactKey: Guid(92b2a38fd8f16874dab345beafd293c8) Importer(815301076,1909f56bfc062723c751e8b465ee728b)
Start importing Assets/Scenes/Game/Lightmap-0_comp_light.exr using Guid(92b2a38fd8f16874dab345beafd293c8) Importer(815301076,1909f56bfc062723c751e8b465ee728b)  -> (artifact id: '1414346295f881873c62845cd8bea496') in 0.025613 seconds
  Import took 0.028075 seconds .

========================================================================
Received Import Request.
  Time since last request: 0.000312 seconds.
  path: Assets/Scenes/Game/Lightmap-0_comp_dir.png
  artifactKey: Guid(fc4e19654cb9cd54aafabd1364fd4fb8) Importer(815301076,1909f56bfc062723c751e8b465ee728b)
Start importing Assets/Scenes/Game/Lightmap-0_comp_dir.png using Guid(fc4e19654cb9cd54aafabd1364fd4fb8) Importer(815301076,1909f56bfc062723c751e8b465ee728b)  -> (artifact id: '7471353857a056cf0443d5b4a941e721') in 0.058607 seconds
  Import took 0.060804 seconds .

========================================================================
Received Import Request.
  Time since last request: 100.120513 seconds.
  path: Assets/Scenes/Game 1.unity
  artifactKey: Guid(08bc3c9c18aceb245956a960418fbb68) Importer(815301076,1909f56bfc062723c751e8b465ee728b)
Start importing Assets/Scenes/Game 1.unity using Guid(08bc3c9c18aceb245956a960418fbb68) Importer(815301076,1909f56bfc062723c751e8b465ee728b)  -> (artifact id: '89a9a9bf7e950461c859b16a4e29b0da') in 0.006391 seconds
  Import took 0.010617 seconds .

========================================================================
Received Prepare
Registering precompiled user dll's ...
Registered in 0.000812 seconds.
Begin MonoManager ReloadAssembly
Native extension for WindowsStandalone target not found
Refreshing native plugins compatible for Editor in 0.28 ms, found 0 plugins.
Preloading 0 native plugins for Editor in 0.00 ms.
Mono: successfully reloaded assembly
- Completed reload, in  0.819 seconds
Platform modules already initialized, skipping
Refreshing native plugins compatible for Editor in 0.35 ms, found 0 plugins.
Preloading 0 native plugins for Editor in 0.00 ms.
Unloading 1264 Unused Serialized files (Serialized files now loaded: 0)
System memory in use before: 66.7 MB.
System memory in use after: 66.8 MB.

Unloading 5 unused Assets to reduce memory usage. Loaded Objects now: 1775.
Total: 1.867400 ms (FindLiveObjects: 0.184300 ms CreateObjectMapping: 0.057200 ms MarkObjects: 1.610700 ms  DeleteObjects: 0.014000 ms)

========================================================================
Received Prepare
Registering precompiled user dll's ...
Registered in 0.001032 seconds.
Begin MonoManager ReloadAssembly
Native extension for WindowsStandalone target not found
Refreshing native plugins compatible for Editor in 0.28 ms, found 0 plugins.
Preloading 0 native plugins for Editor in 0.00 ms.
Mono: successfully reloaded assembly
- Completed reload, in  0.804 seconds
Platform modules already initialized, skipping
Refreshing native plugins compatible for Editor in 0.24 ms, found 0 plugins.
Preloading 0 native plugins for Editor in 0.00 ms.
Unloading 1264 Unused Serialized files (Serialized files now loaded: 0)
System memory in use before: 66.7 MB.
System memory in use after: 66.9 MB.

Unloading 5 unused Assets to reduce memory usage. Loaded Objects now: 1778.
Total: 1.767200 ms (FindLiveObjects: 0.168800 ms CreateObjectMapping: 0.041800 ms MarkObjects: 1.541300 ms  DeleteObjects: 0.013500 ms)

========================================================================
Received Prepare
Registering precompiled user dll's ...
Registered in 0.000865 seconds.
Begin MonoManager ReloadAssembly
Native extension for WindowsStandalone target not found
Refreshing native plugins compatible for Editor in 0.22 ms, found 0 plugins.
Preloading 0 native plugins for Editor in 0.00 ms.
Mono: successfully reloaded assembly
- Completed reload, in  0.797 seconds
Platform modules already initialized, skipping
Refreshing native plugins compatible for Editor in 0.23 ms, found 0 plugins.
Preloading 0 native plugins for Editor in 0.00 ms.
Unloading 1264 Unused Serialized files (Serialized files now loaded: 0)
System memory in use before: 66.8 MB.
System memory in use after: 66.9 MB.

Unloading 5 unused Assets to reduce memory usage. Loaded Objects now: 1781.
Total: 1.885800 ms (FindLiveObjects: 0.247200 ms CreateObjectMapping: 0.084400 ms MarkObjects: 1.538500 ms  DeleteObjects: 0.014400 ms)

========================================================================
Received Prepare
Registering precompiled user dll's ...
Registered in 0.000883 seconds.
Begin MonoManager ReloadAssembly
Native extension for WindowsStandalone target not found
Refreshing native plugins compatible for Editor in 0.25 ms, found 0 plugins.
Preloading 0 native plugins for Editor in 0.00 ms.
Mono: successfully reloaded assembly
- Completed reload, in  0.782 seconds
Platform modules already initialized, skipping
Refreshing native plugins compatible for Editor in 0.23 ms, found 0 plugins.
Preloading 0 native plugins for Editor in 0.00 ms.
Unloading 1264 Unused Serialized files (Serialized files now loaded: 0)
System memory in use before: 66.8 MB.
System memory in use after: 66.9 MB.

Unloading 5 unused Assets to reduce memory usage. Loaded Objects now: 1784.
Total: 1.786200 ms (FindLiveObjects: 0.167200 ms CreateObjectMapping: 0.042100 ms MarkObjects: 1.561600 ms  DeleteObjects: 0.014400 ms)

========================================================================
Received Import Request.
  Time since last request: 370.968343 seconds.
  path: Assets/Scenes/Game 1.unity
  artifactKey: Guid(08bc3c9c18aceb245956a960418fbb68) Importer(815301076,1909f56bfc062723c751e8b465ee728b)
Start importing Assets/Scenes/Game 1.unity using Guid(08bc3c9c18aceb245956a960418fbb68) Importer(815301076,1909f56bfc062723c751e8b465ee728b)  -> (artifact id: 'a05985e63f06c30d27ab81dae79c8e5c') in 0.015797 seconds
  Import took 0.018842 seconds .

========================================================================
Received Prepare
Registering precompiled user dll's ...
Registered in 0.001035 seconds.
Begin MonoManager ReloadAssembly
Native extension for WindowsStandalone target not found
Refreshing native plugins compatible for Editor in 0.24 ms, found 0 plugins.
Preloading 0 native plugins for Editor in 0.00 ms.
Mono: successfully reloaded assembly
- Completed reload, in  1.010 seconds
Platform modules already initialized, skipping
Refreshing native plugins compatible for Editor in 0.23 ms, found 0 plugins.
Preloading 0 native plugins for Editor in 0.00 ms.
Unloading 1264 Unused Serialized files (Serialized files now loaded: 0)
System memory in use before: 66.8 MB.
System memory in use after: 66.9 MB.

Unloading 5 unused Assets to reduce memory usage. Loaded Objects now: 1787.
Total: 1.795700 ms (FindLiveObjects: 0.163500 ms CreateObjectMapping: 0.045100 ms MarkObjects: 1.573800 ms  DeleteObjects: 0.012100 ms)

========================================================================
Received Prepare
Registering precompiled user dll's ...
Registered in 0.000802 seconds.
Begin MonoManager ReloadAssembly
Native extension for WindowsStandalone target not found
Refreshing native plugins compatible for Editor in 0.24 ms, found 0 plugins.
Preloading 0 native plugins for Editor in 0.00 ms.
Mono: successfully reloaded assembly
- Completed reload, in  0.794 seconds
Platform modules already initialized, skipping
Refreshing native plugins compatible for Editor in 0.23 ms, found 0 plugins.
Preloading 0 native plugins for Editor in 0.00 ms.
Unloading 1264 Unused Serialized files (Serialized files now loaded: 0)
System memory in use before: 66.8 MB.
System memory in use after: 66.9 MB.

Unloading 5 unused Assets to reduce memory usage. Loaded Objects now: 1790.
Total: 2.004200 ms (FindLiveObjects: 0.213000 ms CreateObjectMapping: 0.048600 ms MarkObjects: 1.705800 ms  DeleteObjects: 0.034900 ms)

========================================================================
Received Prepare
Registering precompiled user dll's ...
Registered in 0.001426 seconds.
Begin MonoManager ReloadAssembly
Native extension for WindowsStandalone target not found
Refreshing native plugins compatible for Editor in 0.26 ms, found 0 plugins.
Preloading 0 native plugins for Editor in 0.00 ms.
Mono: successfully reloaded assembly
- Completed reload, in  1.094 seconds
Platform modules already initialized, skipping
Refreshing native plugins compatible for Editor in 0.40 ms, found 0 plugins.
Preloading 0 native plugins for Editor in 0.00 ms.
Unloading 1264 Unused Serialized files (Serialized files now loaded: 0)
System memory in use before: 66.8 MB.
System memory in use after: 66.9 MB.

Unloading 5 unused Assets to reduce memory usage. Loaded Objects now: 1793.
Total: 1.999600 ms (FindLiveObjects: 0.156000 ms CreateObjectMapping: 0.043500 ms MarkObjects: 1.784000 ms  DeleteObjects: 0.015000 ms)

========================================================================
Received Prepare
Registering precompiled user dll's ...
Registered in 0.000788 seconds.
Begin MonoManager ReloadAssembly
Native extension for WindowsStandalone target not found
Refreshing native plugins compatible for Editor in 0.25 ms, found 0 plugins.
Preloading 0 native plugins for Editor in 0.00 ms.
Mono: successfully reloaded assembly
- Completed reload, in  0.825 seconds
Platform modules already initialized, skipping
Refreshing native plugins compatible for Editor in 0.29 ms, found 0 plugins.
Preloading 0 native plugins for Editor in 0.00 ms.
Unloading 1264 Unused Serialized files (Serialized files now loaded: 0)
System memory in use before: 66.8 MB.
System memory in use after: 66.9 MB.

Unloading 5 unused Assets to reduce memory usage. Loaded Objects now: 1796.
Total: 2.892000 ms (FindLiveObjects: 0.303400 ms CreateObjectMapping: 0.081900 ms MarkObjects: 2.474800 ms  DeleteObjects: 0.029500 ms)

========================================================================
Received Import Request.
  Time since last request: 282.043799 seconds.
  path: Assets/Scripts/TimeManager.cs
  artifactKey: Guid(209e397a625c6504e81b5bd13a478175) Importer(815301076,1909f56bfc062723c751e8b465ee728b)
Start importing Assets/Scripts/TimeManager.cs using Guid(209e397a625c6504e81b5bd13a478175) Importer(815301076,1909f56bfc062723c751e8b465ee728b)  -> (artifact id: '6aff4ebcb0e381d8d47766237ce980d7') in 0.006218 seconds
  Import took 0.008878 seconds .

========================================================================
Received Prepare
Registering precompiled user dll's ...
Registered in 0.000748 seconds.
Begin MonoManager ReloadAssembly
Native extension for WindowsStandalone target not found
Refreshing native plugins compatible for Editor in 0.24 ms, found 0 plugins.
Preloading 0 native plugins for Editor in 0.00 ms.
Mono: successfully reloaded assembly
- Completed reload, in  0.833 seconds
Platform modules already initialized, skipping
Refreshing native plugins compatible for Editor in 0.24 ms, found 0 plugins.
Preloading 0 native plugins for Editor in 0.00 ms.
Unloading 1264 Unused Serialized files (Serialized files now loaded: 0)
System memory in use before: 66.8 MB.
System memory in use after: 66.9 MB.

Unloading 5 unused Assets to reduce memory usage. Loaded Objects now: 1799.
Total: 2.270300 ms (FindLiveObjects: 0.386900 ms CreateObjectMapping: 0.130200 ms MarkObjects: 1.734000 ms  DeleteObjects: 0.017300 ms)

========================================================================
Received Import Request.
  Time since last request: 7.675909 seconds.
  path: Assets/Scripts/TargetDummy.cs
  artifactKey: Guid(1d213f351b52cfe45a713d270a6b5a85) Importer(815301076,1909f56bfc062723c751e8b465ee728b)
Start importing Assets/Scripts/TargetDummy.cs using Guid(1d213f351b52cfe45a713d270a6b5a85) Importer(815301076,1909f56bfc062723c751e8b465ee728b)  -> (artifact id: '327d95d3a3c6408d3c19f66f944c7a95') in 0.006120 seconds
  Import took 0.008810 seconds .

========================================================================
Received Import Request.
  Time since last request: 0.742847 seconds.
  path: Assets/Scripts/StartGame.cs
  artifactKey: Guid(f362e9a16b87293499b8a4dc99fef4f1) Importer(815301076,1909f56bfc062723c751e8b465ee728b)
Start importing Assets/Scripts/StartGame.cs using Guid(f362e9a16b87293499b8a4dc99fef4f1) Importer(815301076,1909f56bfc062723c751e8b465ee728b)  -> (artifact id: '5fe344d63d26b2636a10221219392868') in 0.003593 seconds
  Import took 0.005685 seconds .

========================================================================
Received Import Request.
  Time since last request: 0.588834 seconds.
  path: Assets/Scripts/Sound.cs
  artifactKey: Guid(b7ba3ffb11d78ed4fb287e492a1cc11a) Importer(815301076,1909f56bfc062723c751e8b465ee728b)
Start importing Assets/Scripts/Sound.cs using Guid(b7ba3ffb11d78ed4fb287e492a1cc11a) Importer(815301076,1909f56bfc062723c751e8b465ee728b)  -> (artifact id: 'f7695f144278856ab7c7ff80869092c8') in 0.003837 seconds
  Import took 0.006016 seconds .

========================================================================
Received Import Request.
  Time since last request: 0.000888 seconds.
  path: Assets/Scripts/Sound.cs
  artifactKey: Guid(b7ba3ffb11d78ed4fb287e492a1cc11a) Importer(815301076,1909f56bfc062723c751e8b465ee728b)
Start importing Assets/Scripts/Sound.cs using Guid(b7ba3ffb11d78ed4fb287e492a1cc11a) Importer(815301076,1909f56bfc062723c751e8b465ee728b)  -> (artifact id: 'f7695f144278856ab7c7ff80869092c8') in 0.003798 seconds
  Import took 0.006191 seconds .

========================================================================
Received Import Request.
  Time since last request: 0.674621 seconds.
  path: Assets/Scripts/PlayerHud.cs
  artifactKey: Guid(1383f14526be5a64ca471495c7803025) Importer(815301076,1909f56bfc062723c751e8b465ee728b)
Start importing Assets/Scripts/PlayerHud.cs using Guid(1383f14526be5a64ca471495c7803025) Importer(815301076,1909f56bfc062723c751e8b465ee728b)  -> (artifact id: '86dc06cce87ea37cf886ed7702253126') in 0.004412 seconds
  Import took 0.006578 seconds .

========================================================================
Received Import Request.
  Time since last request: 1.443188 seconds.
  path: Assets/Scripts/JutsuManager.cs
  artifactKey: Guid(bcd77fb4f519f754087a2298377e2a91) Importer(815301076,1909f56bfc062723c751e8b465ee728b)
Start importing Assets/Scripts/JutsuManager.cs using Guid(bcd77fb4f519f754087a2298377e2a91) Importer(815301076,1909f56bfc062723c751e8b465ee728b)  -> (artifact id: '7a2285cbe7a59d95abacd3063c9e3827') in 0.004192 seconds
  Import took 0.006568 seconds .

========================================================================
Received Import Request.
  Time since last request: 0.006885 seconds.
  path: Assets/Scripts/JutsuManager.cs
  artifactKey: Guid(bcd77fb4f519f754087a2298377e2a91) Importer(815301076,1909f56bfc062723c751e8b465ee728b)
Start importing Assets/Scripts/JutsuManager.cs using Guid(bcd77fb4f519f754087a2298377e2a91) Importer(815301076,1909f56bfc062723c751e8b465ee728b)  -> (artifact id: '7a2285cbe7a59d95abacd3063c9e3827') in 0.003584 seconds
  Import took 0.005589 seconds .

========================================================================
Received Import Request.
  Time since last request: 1.459487 seconds.
  path: Assets/Scripts/Fireball.cs
  artifactKey: Guid(675e1e2600b2cb54fac4034fee5a36b8) Importer(815301076,1909f56bfc062723c751e8b465ee728b)
Start importing Assets/Scripts/Fireball.cs using Guid(675e1e2600b2cb54fac4034fee5a36b8) Importer(815301076,1909f56bfc062723c751e8b465ee728b)  -> (artifact id: '2629038b1b049ca73946479908c3757f') in 0.003736 seconds
  Import took 0.006120 seconds .

========================================================================
Received Import Request.
  Time since last request: 0.575094 seconds.
  path: Assets/Scripts/AudioManager.cs
  artifactKey: Guid(907bc54852fdda5478f5786941449c7c) Importer(815301076,1909f56bfc062723c751e8b465ee728b)
Start importing Assets/Scripts/AudioManager.cs using Guid(907bc54852fdda5478f5786941449c7c) Importer(815301076,1909f56bfc062723c751e8b465ee728b)  -> (artifact id: 'ff120dcde993323f608f14b65d690d9e') in 0.003555 seconds
  Import took 0.005955 seconds .

========================================================================
Received Prepare
Registering precompiled user dll's ...
Registered in 0.000837 seconds.
Begin MonoManager ReloadAssembly
Native extension for WindowsStandalone target not found
Refreshing native plugins compatible for Editor in 0.26 ms, found 0 plugins.
Preloading 0 native plugins for Editor in 0.00 ms.
Mono: successfully reloaded assembly
- Completed reload, in  0.784 seconds
Platform modules already initialized, skipping
Refreshing native plugins compatible for Editor in 0.23 ms, found 0 plugins.
Preloading 0 native plugins for Editor in 0.00 ms.
Unloading 1264 Unused Serialized files (Serialized files now loaded: 0)
System memory in use before: 66.8 MB.
System memory in use after: 66.9 MB.

Unloading 5 unused Assets to reduce memory usage. Loaded Objects now: 1802.
Total: 1.996800 ms (FindLiveObjects: 0.161100 ms CreateObjectMapping: 0.049500 ms MarkObjects: 1.771100 ms  DeleteObjects: 0.014300 ms)

AssetImportWorkerClient::OnTransportError - code=2 error=End of file
