Using pre-set license
Built from '2020.2/release' branch; Version is '2020.2.1f1 (270dd8c3da1c) revision 2559448'; Using compiler version '192528614'; Build Type 'Release'
OS: 'Windows 10  (10.0.0) 64bit' Language: 'en' Physical Memory: 16260 MB
BatchMode: 1, IsHumanControllingUs: 0, StartBugReporterOnCrash: 0, Is64bit: 1, IsPro: 0

 COMMAND LINE ARGUMENTS:
C:\Program Files\Unity\Hub\Editor\2020.2.1f1\Editor\Unity.exe
-adb2
-batchMode
-noUpm
-name
AssetImportWorker1
-projectPath
C:/dev/CART315/LevelDesign_3
-logFile
Logs/AssetImportWorker1.log
-srvPort
59608
Successfully changed project path to: C:/dev/CART315/LevelDesign_3
C:/dev/CART315/LevelDesign_3
Using Asset Import Pipeline V2.
Refreshing native plugins compatible for Editor in 33.39 ms, found 0 plugins.
Preloading 0 native plugins for Editor in 0.00 ms.
Initialize engine version: 2020.2.1f1 (270dd8c3da1c)
[Subsystems] Discovering subsystems at path C:/Program Files/Unity/Hub/Editor/2020.2.1f1/Editor/Data/Resources/UnitySubsystems
[Subsystems] Discovering subsystems at path C:/dev/CART315/LevelDesign_3/Assets
GfxDevice: creating device client; threaded=0
Direct3D:
    Version:  Direct3D 11.0 [level 11.1]
    Renderer: NVIDIA GeForce GTX 1070 (ID=0x1b81)
    Vendor:   
    VRAM:     8088 MB
    Driver:   27.21.14.5671
Initialize mono
Mono path[0] = 'C:/Program Files/Unity/Hub/Editor/2020.2.1f1/Editor/Data/Managed'
Mono path[1] = 'C:/Program Files/Unity/Hub/Editor/2020.2.1f1/Editor/Data/MonoBleedingEdge/lib/mono/unityjit'
Mono config path = 'C:/Program Files/Unity/Hub/Editor/2020.2.1f1/Editor/Data/MonoBleedingEdge/etc'
Using monoOptions --debugger-agent=transport=dt_socket,embedding=1,server=y,suspend=n,address=127.0.0.1:56860
Begin MonoManager ReloadAssembly
Registering precompiled unity dll's ...
Register platform support module: C:/Program Files/Unity/Hub/Editor/2020.2.1f1/Editor/Data/PlaybackEngines/WebGLSupport/UnityEditor.WebGL.Extensions.dll
Register platform support module: C:/Program Files/Unity/Hub/Editor/2020.2.1f1/Editor/Data/PlaybackEngines/WindowsStandaloneSupport/UnityEditor.WindowsStandalone.Extensions.dll
Registered in 0.003635 seconds.
Native extension for WindowsStandalone target not found
Native extension for WebGL target not found
Refreshing native plugins compatible for Editor in 28.60 ms, found 0 plugins.
Preloading 0 native plugins for Editor in 0.00 ms.
Invoked RoslynAnalysisRunner static constructor.
RoslynAnalysisRunner will not be running.
RoslynAnalysisRunner has terminated.
Mono: successfully reloaded assembly
- Completed reload, in  1.759 seconds
Platform modules already initialized, skipping
Registering precompiled user dll's ...
Registered in 0.001066 seconds.
Begin MonoManager ReloadAssembly
Native extension for WindowsStandalone target not found
Native extension for WebGL target not found
Refreshing native plugins compatible for Editor in 0.33 ms, found 0 plugins.
Preloading 0 native plugins for Editor in 0.00 ms.
Invoked RoslynAnalysisRunner static constructor.
RoslynAnalysisRunner will not be running.
RoslynAnalysisRunner has terminated.
Mono: successfully reloaded assembly
- Completed reload, in  1.149 seconds
Platform modules already initialized, skipping
========================================================================
Worker process is ready to serve import requests
Launched and connected shader compiler UnityShaderCompiler.exe after 0.05 seconds
Refreshing native plugins compatible for Editor in 0.26 ms, found 0 plugins.
Preloading 0 native plugins for Editor in 0.00 ms.
Unloading 1245 Unused Serialized files (Serialized files now loaded: 0)
System memory in use before: 62.0 MB.
System memory in use after: 62.0 MB.

Unloading 11 unused Assets to reduce memory usage. Loaded Objects now: 1693.
Total: 2.795263 ms (FindLiveObjects: 0.162253 ms CreateObjectMapping: 0.146028 ms MarkObjects: 2.368296 ms  DeleteObjects: 0.117183 ms)

========================================================================
Received Import Request.
  path: Assets/Prefabs/FireBall.prefab
  artifactKey: Guid(cae0c0d191d70ae45a502f07bf09c068) Importer(815301076,1909f56bfc062723c751e8b465ee728b)
Start importing Assets/Prefabs/FireBall.prefab using Guid(cae0c0d191d70ae45a502f07bf09c068) Importer(815301076,1909f56bfc062723c751e8b465ee728b)  -> (artifact id: '085c85873158037ad0608641a74e2b5b') in 0.172255 seconds
  Import took 0.175185 seconds .

========================================================================
Received Import Request.
  Time since last request: 181.918663 seconds.
  path: Assets/Prefabs/FireBall.prefab
  artifactKey: Guid(cae0c0d191d70ae45a502f07bf09c068) Importer(815301076,1909f56bfc062723c751e8b465ee728b)
Start importing Assets/Prefabs/FireBall.prefab using Guid(cae0c0d191d70ae45a502f07bf09c068) Importer(815301076,1909f56bfc062723c751e8b465ee728b)  -> (artifact id: '6c72214d57116029d1cbb55c57e7bf85') in 0.019307 seconds
  Import took 0.023186 seconds .

========================================================================
Received Prepare
Registering precompiled user dll's ...
Registered in 0.000896 seconds.
Begin MonoManager ReloadAssembly
Native extension for WindowsStandalone target not found
Native extension for WebGL target not found
Refreshing native plugins compatible for Editor in 0.22 ms, found 0 plugins.
Preloading 0 native plugins for Editor in 0.00 ms.
Invoked RoslynAnalysisRunner static constructor.
RoslynAnalysisRunner will not be running.
RoslynAnalysisRunner has terminated.
Mono: successfully reloaded assembly
- Completed reload, in  0.979 seconds
Platform modules already initialized, skipping
Refreshing native plugins compatible for Editor in 0.28 ms, found 0 plugins.
Preloading 0 native plugins for Editor in 0.00 ms.
Unloading 1240 Unused Serialized files (Serialized files now loaded: 0)
System memory in use before: 65.4 MB.
System memory in use after: 65.5 MB.

Unloading 8 unused Assets to reduce memory usage. Loaded Objects now: 1704.
Total: 2.173292 ms (FindLiveObjects: 0.170967 ms CreateObjectMapping: 0.048676 ms MarkObjects: 1.846382 ms  DeleteObjects: 0.106066 ms)

========================================================================
Received Import Request.
  Time since last request: 183.091804 seconds.
  path: Assets/Prefabs/FireBall.prefab
  artifactKey: Guid(cae0c0d191d70ae45a502f07bf09c068) Importer(815301076,1909f56bfc062723c751e8b465ee728b)
Start importing Assets/Prefabs/FireBall.prefab using Guid(cae0c0d191d70ae45a502f07bf09c068) Importer(815301076,1909f56bfc062723c751e8b465ee728b)  -> (artifact id: '0166dd58526c871e78f1c93186e8bce6') in 0.066073 seconds
  Import took 0.068432 seconds .

========================================================================
Received Prepare
Registering precompiled user dll's ...
Registered in 0.001053 seconds.
Begin MonoManager ReloadAssembly
Native extension for WindowsStandalone target not found
Native extension for WebGL target not found
Refreshing native plugins compatible for Editor in 0.25 ms, found 0 plugins.
Preloading 0 native plugins for Editor in 0.00 ms.
Invoked RoslynAnalysisRunner static constructor.
RoslynAnalysisRunner will not be running.
RoslynAnalysisRunner has terminated.
Mono: successfully reloaded assembly
- Completed reload, in  1.003 seconds
Platform modules already initialized, skipping
Refreshing native plugins compatible for Editor in 0.24 ms, found 0 plugins.
Preloading 0 native plugins for Editor in 0.00 ms.
Unloading 1239 Unused Serialized files (Serialized files now loaded: 0)
System memory in use before: 65.6 MB.
System memory in use after: 65.7 MB.

Unloading 8 unused Assets to reduce memory usage. Loaded Objects now: 1707.
Total: 1.721086 ms (FindLiveObjects: 0.168563 ms CreateObjectMapping: 0.057390 ms MarkObjects: 1.423021 ms  DeleteObjects: 0.071512 ms)

========================================================================
Received Prepare
Registering precompiled user dll's ...
Registered in 0.001516 seconds.
Begin MonoManager ReloadAssembly
Native extension for WindowsStandalone target not found
Native extension for WebGL target not found
Refreshing native plugins compatible for Editor in 0.30 ms, found 0 plugins.
Preloading 0 native plugins for Editor in 0.00 ms.
Invoked RoslynAnalysisRunner static constructor.
RoslynAnalysisRunner will not be running.
RoslynAnalysisRunner has terminated.
Mono: successfully reloaded assembly
- Completed reload, in  1.012 seconds
Platform modules already initialized, skipping
Refreshing native plugins compatible for Editor in 0.39 ms, found 0 plugins.
Preloading 0 native plugins for Editor in 0.00 ms.
Unloading 1239 Unused Serialized files (Serialized files now loaded: 0)
System memory in use before: 65.9 MB.
System memory in use after: 66.0 MB.

Unloading 6 unused Assets to reduce memory usage. Loaded Objects now: 1709.
Total: 3.168445 ms (FindLiveObjects: 0.267117 ms CreateObjectMapping: 0.058591 ms MarkObjects: 2.762511 ms  DeleteObjects: 0.078122 ms)

========================================================================
Received Import Request.
  Time since last request: 424.201354 seconds.
  path: Assets/Textures
  artifactKey: Guid(7c3f58efdad92034992cc3b5e073af5c) Importer(815301076,1909f56bfc062723c751e8b465ee728b)
Start importing Assets/Textures using Guid(7c3f58efdad92034992cc3b5e073af5c) Importer(815301076,1909f56bfc062723c751e8b465ee728b)  -> (artifact id: 'a2ab6e6ebfc645720d21257d1ba7324c') in 0.010394 seconds
  Import took 0.014202 seconds .

========================================================================
Received Import Request.
  Time since last request: 0.047809 seconds.
  path: Assets/Textures/png-transparent-fire-flame-particle-system-desktop-fire-texture-orange-computer-wallpaper.png
  artifactKey: Guid(7c71dff5e80e02f42b3882bc99c02618) Importer(815301076,1909f56bfc062723c751e8b465ee728b)
Start importing Assets/Textures/png-transparent-fire-flame-particle-system-desktop-fire-texture-orange-computer-wallpaper.png using Guid(7c71dff5e80e02f42b3882bc99c02618) Importer(815301076,1909f56bfc062723c751e8b465ee728b)  -> (artifact id: '4430a1d93d9058a893a494eecff4aa41') in 0.083183 seconds
  Import took 0.087098 seconds .

========================================================================
Received Import Request.
  Time since last request: 102.351458 seconds.
  path: Assets/Materials/FireParticle.mat
  artifactKey: Guid(322a62e121de56148820deebac588f6f) Importer(815301076,1909f56bfc062723c751e8b465ee728b)
Start importing Assets/Materials/FireParticle.mat using Guid(322a62e121de56148820deebac588f6f) Importer(815301076,1909f56bfc062723c751e8b465ee728b)  -> (artifact id: '9d3e72c138be06789466222e131556a7') in 0.056775 seconds
  Import took 0.059164 seconds .

========================================================================
Received Prepare
Registering precompiled user dll's ...
Registered in 0.001476 seconds.
Begin MonoManager ReloadAssembly
Native extension for WindowsStandalone target not found
Native extension for WebGL target not found
Refreshing native plugins compatible for Editor in 0.25 ms, found 0 plugins.
Preloading 0 native plugins for Editor in 0.00 ms.
Invoked RoslynAnalysisRunner static constructor.
RoslynAnalysisRunner will not be running.
RoslynAnalysisRunner has terminated.
Mono: successfully reloaded assembly
- Completed reload, in  0.953 seconds
Platform modules already initialized, skipping
Refreshing native plugins compatible for Editor in 0.25 ms, found 0 plugins.
Preloading 0 native plugins for Editor in 0.00 ms.
Unloading 1239 Unused Serialized files (Serialized files now loaded: 0)
System memory in use before: 66.2 MB.
System memory in use after: 66.3 MB.

Unloading 6 unused Assets to reduce memory usage. Loaded Objects now: 1747.
Total: 2.140240 ms (FindLiveObjects: 0.190197 ms CreateObjectMapping: 0.053183 ms MarkObjects: 1.799809 ms  DeleteObjects: 0.096150 ms)

========================================================================
Received Import Request.
  Time since last request: 674.503873 seconds.
  path: Assets/Prefabs/FireBall.prefab
  artifactKey: Guid(cae0c0d191d70ae45a502f07bf09c068) Importer(815301076,1909f56bfc062723c751e8b465ee728b)
Start importing Assets/Prefabs/FireBall.prefab using Guid(cae0c0d191d70ae45a502f07bf09c068) Importer(815301076,1909f56bfc062723c751e8b465ee728b)  -> (artifact id: 'f50be0610a6345024bfd1081fb6332f5') in 0.176858 seconds
  Import took 0.180272 seconds .

========================================================================
Received Import Request.
  Time since last request: 0.808934 seconds.
  path: Assets/Materials/FireParticle.mat
  artifactKey: Guid(322a62e121de56148820deebac588f6f) Importer(815301076,1909f56bfc062723c751e8b465ee728b)
Start importing Assets/Materials/FireParticle.mat using Guid(322a62e121de56148820deebac588f6f) Importer(815301076,1909f56bfc062723c751e8b465ee728b)  -> (artifact id: 'ee0a63ffb771b148ea2ef7ec512a1955') in 0.027728 seconds
  Import took 0.030435 seconds .

========================================================================
Received Import Request.
  Time since last request: 19.946574 seconds.
  path: Assets/Characters
  artifactKey: Guid(24cda7b1da687104baadb8a8bba4f664) Importer(815301076,1909f56bfc062723c751e8b465ee728b)
Start importing Assets/Characters using Guid(24cda7b1da687104baadb8a8bba4f664) Importer(815301076,1909f56bfc062723c751e8b465ee728b)  -> (artifact id: '19c571362ee4d9dfb58552a6bb023dc3') in 0.005919 seconds
  Import took 0.009262 seconds .

========================================================================
Received Import Request.
  Time since last request: 5.340921 seconds.
  path: Assets/Characters/NTBSS_SasukeUchihaNextGenerations.dae
  artifactKey: Guid(0a6b8e789b9ed9c49a8ae856e370e5e9) Importer(815301076,1909f56bfc062723c751e8b465ee728b)
Start importing Assets/Characters/NTBSS_SasukeUchihaNextGenerations.dae using Guid(0a6b8e789b9ed9c49a8ae856e370e5e9) Importer(815301076,1909f56bfc062723c751e8b465ee728b)  -> (artifact id: '4d422b5c4a61e9ee610d0a5cfc4adc2d') in 0.114121 seconds
  Import took 0.118307 seconds .

========================================================================
Received Prepare
Registering precompiled user dll's ...
Registered in 0.001023 seconds.
Begin MonoManager ReloadAssembly
Native extension for WindowsStandalone target not found
Native extension for WebGL target not found
Refreshing native plugins compatible for Editor in 0.24 ms, found 0 plugins.
Preloading 0 native plugins for Editor in 0.00 ms.
Invoked RoslynAnalysisRunner static constructor.
RoslynAnalysisRunner will not be running.
RoslynAnalysisRunner has terminated.
Mono: successfully reloaded assembly
- Completed reload, in  0.962 seconds
Platform modules already initialized, skipping
Refreshing native plugins compatible for Editor in 0.29 ms, found 0 plugins.
Preloading 0 native plugins for Editor in 0.00 ms.
Unloading 1239 Unused Serialized files (Serialized files now loaded: 0)
System memory in use before: 148.5 MB.
System memory in use after: 148.6 MB.

Unloading 6 unused Assets to reduce memory usage. Loaded Objects now: 1756.
Total: 2.171790 ms (FindLiveObjects: 0.247586 ms CreateObjectMapping: 0.046272 ms MarkObjects: 1.820842 ms  DeleteObjects: 0.056188 ms)

========================================================================
Received Prepare
Registering precompiled user dll's ...
Registered in 0.001606 seconds.
Begin MonoManager ReloadAssembly
Native extension for WindowsStandalone target not found
Native extension for WebGL target not found
Refreshing native plugins compatible for Editor in 0.36 ms, found 0 plugins.
Preloading 0 native plugins for Editor in 0.00 ms.
Invoked RoslynAnalysisRunner static constructor.
RoslynAnalysisRunner will not be running.
RoslynAnalysisRunner has terminated.
Mono: successfully reloaded assembly
- Completed reload, in  1.065 seconds
Platform modules already initialized, skipping
Refreshing native plugins compatible for Editor in 0.29 ms, found 0 plugins.
Preloading 0 native plugins for Editor in 0.00 ms.
Unloading 1239 Unused Serialized files (Serialized files now loaded: 0)
System memory in use before: 148.7 MB.
System memory in use after: 148.8 MB.

Unloading 6 unused Assets to reduce memory usage. Loaded Objects now: 1758.
Total: 2.455733 ms (FindLiveObjects: 0.166460 ms CreateObjectMapping: 0.042366 ms MarkObjects: 2.185311 ms  DeleteObjects: 0.060094 ms)

========================================================================
Received Prepare
Registering precompiled user dll's ...
Registered in 0.001010 seconds.
Begin MonoManager ReloadAssembly
Native extension for WindowsStandalone target not found
Native extension for WebGL target not found
Refreshing native plugins compatible for Editor in 0.21 ms, found 0 plugins.
Preloading 0 native plugins for Editor in 0.00 ms.
Invoked RoslynAnalysisRunner static constructor.
RoslynAnalysisRunner will not be running.
RoslynAnalysisRunner has terminated.
Mono: successfully reloaded assembly
- Completed reload, in  0.925 seconds
Platform modules already initialized, skipping
Refreshing native plugins compatible for Editor in 0.28 ms, found 0 plugins.
Preloading 0 native plugins for Editor in 0.00 ms.
Unloading 1239 Unused Serialized files (Serialized files now loaded: 0)
System memory in use before: 149.0 MB.
System memory in use after: 149.1 MB.

Unloading 6 unused Assets to reduce memory usage. Loaded Objects now: 1760.
Total: 2.467451 ms (FindLiveObjects: 0.161953 ms CreateObjectMapping: 0.045371 ms MarkObjects: 2.206644 ms  DeleteObjects: 0.052282 ms)

========================================================================
Received Prepare
Registering precompiled user dll's ...
Registered in 0.001868 seconds.
Begin MonoManager ReloadAssembly
Native extension for WindowsStandalone target not found
Native extension for WebGL target not found
Refreshing native plugins compatible for Editor in 0.24 ms, found 0 plugins.
Preloading 0 native plugins for Editor in 0.00 ms.
Invoked RoslynAnalysisRunner static constructor.
RoslynAnalysisRunner will not be running.
RoslynAnalysisRunner has terminated.
Mono: successfully reloaded assembly
- Completed reload, in  0.928 seconds
Platform modules already initialized, skipping
Refreshing native plugins compatible for Editor in 0.33 ms, found 0 plugins.
Preloading 0 native plugins for Editor in 0.00 ms.
Unloading 1239 Unused Serialized files (Serialized files now loaded: 0)
System memory in use before: 149.0 MB.
System memory in use after: 149.1 MB.

Unloading 6 unused Assets to reduce memory usage. Loaded Objects now: 1762.
Total: 1.772466 ms (FindLiveObjects: 0.268920 ms CreateObjectMapping: 0.082028 ms MarkObjects: 1.378251 ms  DeleteObjects: 0.042066 ms)

========================================================================
Received Prepare
Registering precompiled user dll's ...
Registered in 0.000894 seconds.
Begin MonoManager ReloadAssembly
Native extension for WindowsStandalone target not found
Native extension for WebGL target not found
Refreshing native plugins compatible for Editor in 0.42 ms, found 0 plugins.
Preloading 0 native plugins for Editor in 0.00 ms.
Invoked RoslynAnalysisRunner static constructor.
RoslynAnalysisRunner will not be running.
RoslynAnalysisRunner has terminated.
Mono: successfully reloaded assembly
- Completed reload, in  0.968 seconds
Platform modules already initialized, skipping
Refreshing native plugins compatible for Editor in 0.27 ms, found 0 plugins.
Preloading 0 native plugins for Editor in 0.00 ms.
Unloading 1239 Unused Serialized files (Serialized files now loaded: 0)
System memory in use before: 148.5 MB.
System memory in use after: 148.6 MB.

Unloading 6 unused Assets to reduce memory usage. Loaded Objects now: 1764.
Total: 2.385423 ms (FindLiveObjects: 0.165859 ms CreateObjectMapping: 0.048676 ms MarkObjects: 2.058212 ms  DeleteObjects: 0.097953 ms)

========================================================================
Received Prepare
Registering precompiled user dll's ...
Registered in 0.000894 seconds.
Begin MonoManager ReloadAssembly
Native extension for WindowsStandalone target not found
Native extension for WebGL target not found
Refreshing native plugins compatible for Editor in 0.23 ms, found 0 plugins.
Preloading 0 native plugins for Editor in 0.00 ms.
Invoked RoslynAnalysisRunner static constructor.
RoslynAnalysisRunner will not be running.
RoslynAnalysisRunner has terminated.
Mono: successfully reloaded assembly
- Completed reload, in  0.964 seconds
Platform modules already initialized, skipping
Refreshing native plugins compatible for Editor in 0.28 ms, found 0 plugins.
Preloading 0 native plugins for Editor in 0.00 ms.
Unloading 1239 Unused Serialized files (Serialized files now loaded: 0)
System memory in use before: 148.8 MB.
System memory in use after: 148.9 MB.

Unloading 6 unused Assets to reduce memory usage. Loaded Objects now: 1766.
Total: 1.790494 ms (FindLiveObjects: 0.160150 ms CreateObjectMapping: 0.045371 ms MarkObjects: 1.487021 ms  DeleteObjects: 0.095850 ms)

========================================================================
Received Prepare
Registering precompiled user dll's ...
Registered in 0.001630 seconds.
Begin MonoManager ReloadAssembly
Native extension for WindowsStandalone target not found
Native extension for WebGL target not found
Refreshing native plugins compatible for Editor in 0.28 ms, found 0 plugins.
Preloading 0 native plugins for Editor in 0.00 ms.
Invoked RoslynAnalysisRunner static constructor.
RoslynAnalysisRunner will not be running.
RoslynAnalysisRunner has terminated.
Mono: successfully reloaded assembly
- Completed reload, in  0.947 seconds
Platform modules already initialized, skipping
Refreshing native plugins compatible for Editor in 0.26 ms, found 0 plugins.
Preloading 0 native plugins for Editor in 0.00 ms.
Unloading 1239 Unused Serialized files (Serialized files now loaded: 0)
System memory in use before: 149.1 MB.
System memory in use after: 149.1 MB.

Unloading 6 unused Assets to reduce memory usage. Loaded Objects now: 1768.
Total: 3.629064 ms (FindLiveObjects: 0.243380 ms CreateObjectMapping: 0.082629 ms MarkObjects: 3.206605 ms  DeleteObjects: 0.094347 ms)

========================================================================
Received Prepare
Registering precompiled user dll's ...
Registered in 0.001483 seconds.
Begin MonoManager ReloadAssembly
Native extension for WindowsStandalone target not found
Native extension for WebGL target not found
Refreshing native plugins compatible for Editor in 0.38 ms, found 0 plugins.
Preloading 0 native plugins for Editor in 0.00 ms.
Invoked RoslynAnalysisRunner static constructor.
RoslynAnalysisRunner will not be running.
RoslynAnalysisRunner has terminated.
Mono: successfully reloaded assembly
- Completed reload, in  1.044 seconds
Platform modules already initialized, skipping
Refreshing native plugins compatible for Editor in 0.36 ms, found 0 plugins.
Preloading 0 native plugins for Editor in 0.00 ms.
Unloading 1239 Unused Serialized files (Serialized files now loaded: 0)
System memory in use before: 149.1 MB.
System memory in use after: 149.2 MB.

Unloading 6 unused Assets to reduce memory usage. Loaded Objects now: 1770.
Total: 3.075300 ms (FindLiveObjects: 0.616262 ms CreateObjectMapping: 0.115380 ms MarkObjects: 2.272447 ms  DeleteObjects: 0.070009 ms)

AssetImportWorkerClient::OnTransportError - code=2 error=End of file
